[    0.000000] Initializing cgroup subsys cpuset
[    0.000000] Initializing cgroup subsys cpu
[    0.000000] Initializing cgroup subsys cpuacct
[    0.000000] Linux version 4.4.0-184-generic (buildd@lgw01-amd64-060) (gcc version 5.4.0 20160609 (Ubuntu 5.4.0-6ubuntu1~16.04.12) ) #214-Ubuntu SMP Thu Jun 4 10:14:11 UTC 2020 (Ubuntu 4.4.0-184.214-generic 4.4.223)
[    0.000000] Command line: BOOT_IMAGE=/boot/vmlinuz-4.4.0-184-generic root=LABEL=cloudimg-rootfs ro console=tty1 console=ttyS0
[    0.000000] KERNEL supported cpus:
[    0.000000]   Intel GenuineIntel
[    0.000000]   AMD AuthenticAMD
[    0.000000]   Centaur CentaurHauls
[    0.000000] x86/fpu: xstate_offset[2]:  576, xstate_sizes[2]:  256
[    0.000000] x86/fpu: Supporting XSAVE feature 0x01: 'x87 floating point registers'
[    0.000000] x86/fpu: Supporting XSAVE feature 0x02: 'SSE registers'
[    0.000000] x86/fpu: Supporting XSAVE feature 0x04: 'AVX registers'
[    0.000000] x86/fpu: Enabled xstate features 0x7, context size is 832 bytes, using 'standard' format.
[    0.000000] e820: BIOS-provided physical RAM map:
[    0.000000] BIOS-e820: [mem 0x0000000000000000-0x000000000009fbff] usable
[    0.000000] BIOS-e820: [mem 0x000000000009fc00-0x000000000009ffff] reserved
[    0.000000] BIOS-e820: [mem 0x00000000000f0000-0x00000000000fffff] reserved
[    0.000000] BIOS-e820: [mem 0x0000000000100000-0x000000003ffeffff] usable
[    0.000000] BIOS-e820: [mem 0x000000003fff0000-0x000000003fffffff] ACPI data
[    0.000000] BIOS-e820: [mem 0x00000000fec00000-0x00000000fec00fff] reserved
[    0.000000] BIOS-e820: [mem 0x00000000fee00000-0x00000000fee00fff] reserved
[    0.000000] BIOS-e820: [mem 0x00000000fffc0000-0x00000000ffffffff] reserved
[    0.000000] NX (Execute Disable) protection: active
[    0.000000] SMBIOS 2.5 present.
[    0.000000] Hypervisor detected: KVM
[    0.000000] e820: last_pfn = 0x3fff0 max_arch_pfn = 0x400000000
[    0.000000] MTRR: Disabled
[    0.000000] x86/PAT: MTRRs disabled, skipping PAT initialization too.
[    0.000000] CPU MTRRs all blank - virtualized system.
[    0.000000] x86/PAT: Configuration [0-7]: WB  WT  UC- UC  WB  WT  UC- UC  
[    0.000000] found SMP MP-table at [mem 0x0009fff0-0x0009ffff] mapped at [ffff88000009fff0]
[    0.000000] Scanning 1 areas for low memory corruption
[    0.000000] RAMDISK: [mem 0x362de000-0x37166fff]
[    0.000000] ACPI: Early table checksum verification disabled
[    0.000000] ACPI: RSDP 0x00000000000E0000 000024 (v02 VBOX  )
[    0.000000] ACPI: XSDT 0x000000003FFF0030 00003C (v01 VBOX   VBOXXSDT 00000001 ASL  00000061)
[    0.000000] ACPI: FACP 0x000000003FFF00F0 0000F4 (v04 VBOX   VBOXFACP 00000001 ASL  00000061)
[    0.000000] ACPI: DSDT 0x000000003FFF0470 002325 (v02 VBOX   VBOXBIOS 00000002 INTL 20100528)
[    0.000000] ACPI: FACS 0x000000003FFF0200 000040
[    0.000000] ACPI: FACS 0x000000003FFF0200 000040
[    0.000000] ACPI: APIC 0x000000003FFF0240 00005C (v02 VBOX   VBOXAPIC 00000001 ASL  00000061)
[    0.000000] ACPI: SSDT 0x000000003FFF02A0 0001CC (v01 VBOX   VBOXCPUT 00000002 INTL 20100528)
[    0.000000] No NUMA configuration found
[    0.000000] Faking a node at [mem 0x0000000000000000-0x000000003ffeffff]
[    0.000000] NODE_DATA(0) allocated [mem 0x3ffeb000-0x3ffeffff]
[    0.000000] kvm-clock: Using msrs 4b564d01 and 4b564d00
[    0.000000] kvm-clock: cpu 0, msr 0:3ffe3001, primary cpu clock
[    0.000000] kvm-clock: using sched offset of 3747366324 cycles
[    0.000000] clocksource: kvm-clock: mask: 0xffffffffffffffff max_cycles: 0x1cd42e4dffb, max_idle_ns: 881590591483 ns
[    0.000000] Zone ranges:
[    0.000000]   DMA      [mem 0x0000000000001000-0x0000000000ffffff]
[    0.000000]   DMA32    [mem 0x0000000001000000-0x000000003ffeffff]
[    0.000000]   Normal   empty
[    0.000000]   Device   empty
[    0.000000] Movable zone start for each node
[    0.000000] Early memory node ranges
[    0.000000]   node   0: [mem 0x0000000000001000-0x000000000009efff]
[    0.000000]   node   0: [mem 0x0000000000100000-0x000000003ffeffff]
[    0.000000] Initmem setup node 0 [mem 0x0000000000001000-0x000000003ffeffff]
[    0.000000] ACPI: PM-Timer IO Port: 0x4008
[    0.000000] IOAPIC[0]: apic_id 2, version 32, address 0xfec00000, GSI 0-23
[    0.000000] ACPI: INT_SRC_OVR (bus 0 bus_irq 0 global_irq 2 dfl dfl)
[    0.000000] ACPI: INT_SRC_OVR (bus 0 bus_irq 9 global_irq 9 low level)
[    0.000000] Using ACPI (MADT) for SMP configuration information
[    0.000000] smpboot: Allowing 2 CPUs, 0 hotplug CPUs
[    0.000000] PM: Registered nosave memory: [mem 0x00000000-0x00000fff]
[    0.000000] PM: Registered nosave memory: [mem 0x0009f000-0x0009ffff]
[    0.000000] PM: Registered nosave memory: [mem 0x000a0000-0x000effff]
[    0.000000] PM: Registered nosave memory: [mem 0x000f0000-0x000fffff]
[    0.000000] e820: [mem 0x40000000-0xfebfffff] available for PCI devices
[    0.000000] Booting paravirtualized kernel on KVM
[    0.000000] clocksource: refined-jiffies: mask: 0xffffffff max_cycles: 0xffffffff, max_idle_ns: 7645519600211568 ns
[    0.000000] setup_percpu: NR_CPUS:512 nr_cpumask_bits:512 nr_cpu_ids:2 nr_node_ids:1
[    0.000000] PERCPU: Embedded 33 pages/cpu @ffff88003fc00000 s95448 r8192 d31528 u1048576
[    0.000000] Built 1 zonelists in Node order, mobility grouping on.  Total pages: 257912
[    0.000000] Policy zone: DMA32
[    0.000000] Kernel command line: BOOT_IMAGE=/boot/vmlinuz-4.4.0-184-generic root=LABEL=cloudimg-rootfs ro console=tty1 console=ttyS0
[    0.000000] PID hash table entries: 4096 (order: 3, 32768 bytes)
[    0.000000] Memory: 997664K/1048120K available (8632K kernel code, 1336K rwdata, 4036K rodata, 1492K init, 1292K bss, 50456K reserved, 0K cma-reserved)
[    0.000000] SLUB: HWalign=64, Order=0-3, MinObjects=0, CPUs=2, Nodes=1
[    0.000000] Kernel/User page tables isolation: enabled
[    0.000000] Hierarchical RCU implementation.
[    0.000000] 	Build-time adjustment of leaf fanout to 64.
[    0.000000] 	RCU restricting CPUs from NR_CPUS=512 to nr_cpu_ids=2.
[    0.000000] RCU: Adjusting geometry for rcu_fanout_leaf=64, nr_cpu_ids=2
[    0.000000] NR_IRQS:33024 nr_irqs:440 16
[    0.000000] Console: colour VGA+ 80x25
[    0.000000] console [tty1] enabled
[    0.000000] console [ttyS0] enabled
[    0.000000] tsc: Detected 2592.000 MHz processor
[    0.136814] Calibrating delay loop (skipped) preset value.. 5184.00 BogoMIPS (lpj=10368000)
[    0.138588] pid_max: default: 32768 minimum: 301
[    0.139516] ACPI: Core revision 20150930
[    0.140989] ACPI: 2 ACPI AML tables successfully acquired and loaded
[    0.142238] Security Framework initialized
[    0.143035] Yama: becoming mindful.
[    0.143744] AppArmor: AppArmor initialized
[    0.144619] Dentry cache hash table entries: 131072 (order: 8, 1048576 bytes)
[    0.147251] Inode-cache hash table entries: 65536 (order: 7, 524288 bytes)
[    0.148680] Mount-cache hash table entries: 2048 (order: 2, 16384 bytes)
[    0.149876] Mountpoint-cache hash table entries: 2048 (order: 2, 16384 bytes)
[    0.151305] Initializing cgroup subsys io
[    0.152091] Initializing cgroup subsys memory
[    0.152955] Initializing cgroup subsys devices
[    0.153924] Initializing cgroup subsys freezer
[    0.154984] Initializing cgroup subsys net_cls
[    0.156191] Initializing cgroup subsys perf_event
[    0.157252] Initializing cgroup subsys net_prio
[    0.158120] Initializing cgroup subsys hugetlb
[    0.159099] Initializing cgroup subsys pids
[    0.161329] mce: CPU supports 0 MCE banks
[    0.162432] Last level iTLB entries: 4KB 64, 2MB 8, 4MB 8
[    0.164277] Last level dTLB entries: 4KB 64, 2MB 0, 4MB 0, 1GB 4
[    0.166498] Spectre V1 : Mitigation: usercopy/swapgs barriers and __user pointer sanitization
[    0.168907] Spectre V2 : Mitigation: Full generic retpoline
[    0.170776] Spectre V2 : Spectre v2 / SpectreRSB mitigation: Filling RSB on context switch
[    0.173086] Speculative Store Bypass: Vulnerable
[    0.174704] SRBDS: Unknown: Dependent on hypervisor status
[    0.176389] MDS: Mitigation: Clear CPU buffers
[    0.180170] Freeing SMP alternatives memory: 36K
[    0.187583] ftrace: allocating 32319 entries in 127 pages
[    0.244694] smpboot: APIC(0) Converting physical 0 to logical package 0
[    0.246891] smpboot: Max logical packages: 1
[    0.248047] x2apic enabled
[    0.248975] Switched APIC routing to physical x2apic.
[    0.251499] ..TIMER: vector=0x30 apic1=0 pin1=2 apic2=-1 pin2=-1
[    0.361081] smpboot: CPU0: Intel(R) Core(TM) i7-9750H CPU @ 2.60GHz (family: 0x6, model: 0x9e, stepping: 0xa)
[    0.363661] Performance Events: unsupported p6 CPU model 158 no PMU driver, software events only.
[    0.373863] KVM setup paravirtual spinlock
[    0.375387] x86: Booting SMP configuration:
[    0.376242] .... node  #0, CPUs:      #1
[    0.377132] kvm-clock: cpu 1, msr 0:3ffe3041, secondary cpu clock
[    0.379285] mce: CPU supports 0 MCE banks
[    0.381934] x86: Booted up 1 node, 2 CPUs
[    0.382883] smpboot: Total of 2 processors activated (10368.00 BogoMIPS)
[    0.384543] devtmpfs: initialized
[    0.386713] evm: security.selinux
[    0.387444] evm: security.SMACK64
[    0.388134] evm: security.SMACK64EXEC
[    0.389026] evm: security.SMACK64TRANSMUTE
[    0.390090] evm: security.SMACK64MMAP
[    0.390937] evm: security.ima
[    0.391870] evm: security.capability
[    0.392799] clocksource: jiffies: mask: 0xffffffff max_cycles: 0xffffffff, max_idle_ns: 7645041785100000 ns
[    0.394660] futex hash table entries: 512 (order: 3, 32768 bytes)
[    0.395877] pinctrl core: initialized pinctrl subsystem
[    0.396950] RTC time: 12:15:17, date: 07/07/20
[    0.398198] NET: Registered protocol family 16
[    0.409103] cpuidle: using governor ladder
[    0.421246] cpuidle: using governor menu
[    0.422614] PCCT header not found.
[    0.423488] ACPI: bus type PCI registered
[    0.424549] acpiphp: ACPI Hot Plug PCI Controller Driver version: 0.5
[    0.426073] PCI: Using configuration type 1 for base access
[    0.438159] ACPI: Added _OSI(Module Device)
[    0.439315] ACPI: Added _OSI(Processor Device)
[    0.440749] ACPI: Added _OSI(3.0 _SCP Extensions)
[    0.441862] ACPI: Added _OSI(Processor Aggregator Device)
[    0.443808] ACPI: Executed 1 blocks of module-level executable AML code
[    0.447083] ACPI: Interpreter enabled
[    0.447951] ACPI: (supports S0 S5)
[    0.448857] ACPI: Using IOAPIC for interrupt routing
[    0.450139] PCI: Using host bridge windows from ACPI; if necessary, use "pci=nocrs" and report a bug
[    0.456654] ACPI: PCI Root Bridge [PCI0] (domain 0000 [bus 00-ff])
[    0.458088] acpi PNP0A03:00: _OSC: OS supports [ASPM ClockPM Segments MSI]
[    0.459806] acpi PNP0A03:00: _OSC: not requesting OS control; OS requires [ExtendedConfig ASPM ClockPM MSI]
[    0.461958] acpi PNP0A03:00: fail to add MMCONFIG information, can't access extended PCI configuration space under this bridge.
[    0.464786] PCI host bridge to bus 0000:00
[    0.465736] pci_bus 0000:00: root bus resource [io  0x0000-0x0cf7 window]
[    0.467289] pci_bus 0000:00: root bus resource [io  0x0d00-0xffff window]
[    0.468684] pci_bus 0000:00: root bus resource [mem 0x000a0000-0x000bffff window]
[    0.470657] pci_bus 0000:00: root bus resource [mem 0x40000000-0xfdffffff window]
[    0.472317] pci_bus 0000:00: root bus resource [bus 00-ff]
[    0.475798] pci 0000:00:01.1: legacy IDE quirk: reg 0x10: [io  0x01f0-0x01f7]
[    0.477446] pci 0000:00:01.1: legacy IDE quirk: reg 0x14: [io  0x03f6]
[    0.478892] pci 0000:00:01.1: legacy IDE quirk: reg 0x18: [io  0x0170-0x0177]
[    0.488294] pci 0000:00:01.1: legacy IDE quirk: reg 0x1c: [io  0x0376]
[    0.501450] pci 0000:00:07.0: quirk: [io  0x4000-0x403f] claimed by PIIX4 ACPI
[    0.503283] pci 0000:00:07.0: quirk: [io  0x4100-0x410f] claimed by PIIX4 SMB
[    0.512983] ACPI: PCI Interrupt Link [LNKA] (IRQs 5 9 10 *11)
[    0.514822] ACPI: PCI Interrupt Link [LNKB] (IRQs 5 9 *10 11)
[    0.516370] ACPI: PCI Interrupt Link [LNKC] (IRQs 5 *9 10 11)
[    0.517936] ACPI: PCI Interrupt Link [LNKD] (IRQs 5 9 10 *11)
[    0.519536] ACPI: Enabled 2 GPEs in block 00 to 07
[    0.521341] vgaarb: setting as boot device: PCI:0000:00:02.0
[    0.522799] vgaarb: device added: PCI:0000:00:02.0,decodes=io+mem,owns=io+mem,locks=none
[    0.524489] vgaarb: loaded
[    0.525086] vgaarb: bridge control possible 0000:00:02.0
[    0.526277] SCSI subsystem initialized
[    0.527167] ACPI: bus type USB registered
[    0.527981] usbcore: registered new interface driver usbfs
[    0.529014] usbcore: registered new interface driver hub
[    0.530076] usbcore: registered new device driver usb
[    0.531305] PCI: Using ACPI for IRQ routing
[    0.533412] NetLabel: Initializing
[    0.534120] NetLabel:  domain hash size = 128
[    0.535002] NetLabel:  protocols = UNLABELED CIPSOv4
[    0.535955] NetLabel:  unlabeled traffic allowed by default
[    0.537093] amd_nb: Cannot enumerate AMD northbridges
[    0.538678] clocksource: Switched to clocksource kvm-clock
[    0.545227] AppArmor: AppArmor Filesystem Enabled
[    0.546299] pnp: PnP ACPI init
[    0.547910] pnp: PnP ACPI: found 3 devices
[    0.557191] clocksource: acpi_pm: mask: 0xffffff max_cycles: 0xffffff, max_idle_ns: 2085701024 ns
[    0.559200] NET: Registered protocol family 2
[    0.560217] TCP established hash table entries: 8192 (order: 4, 65536 bytes)
[    0.561509] TCP bind hash table entries: 8192 (order: 5, 131072 bytes)
[    0.562890] TCP: Hash tables configured (established 8192 bind 8192)
[    0.564074] UDP hash table entries: 512 (order: 2, 16384 bytes)
[    0.565173] UDP-Lite hash table entries: 512 (order: 2, 16384 bytes)
[    0.566359] NET: Registered protocol family 1
[    0.567248] pci 0000:00:00.0: Limiting direct PCI/PCI transfers
[    0.568362] pci 0000:00:01.0: Activating ISA DMA hang workarounds
[    0.569629] Unpacking initramfs...
[    0.745441] Freeing initrd memory: 14884K
[    0.746729] clocksource: tsc: mask: 0xffffffffffffffff max_cycles: 0x255cb6cc5db, max_idle_ns: 440795203504 ns
[    0.748972] platform rtc_cmos: registered platform RTC device (no PNP device found)
[    0.750744] Scanning for low memory corruption every 60 seconds
[    0.752331] audit: initializing netlink subsys (disabled)
[    0.753333] audit: type=2000 audit(1594124122.172:1): initialized
[    0.754601] Initialise system trusted keyring
[    0.755617] HugeTLB registered 2 MB page size, pre-allocated 0 pages
[    0.757674] zbud: loaded
[    0.758661] VFS: Disk quotas dquot_6.6.0
[    0.759888] VFS: Dquot-cache hash table entries: 512 (order 0, 4096 bytes)
[    0.761270] squashfs: version 4.0 (2009/01/31) Phillip Lougher
[    0.762515] fuse init (API version 7.23)
[    0.763714] Key type big_key registered
[    0.764601] Allocating IMA MOK and blacklist keyrings.
[    0.766922] Key type asymmetric registered
[    0.767784] Asymmetric key parser 'x509' registered
[    0.768719] Block layer SCSI generic (bsg) driver version 0.4 loaded (major 249)
[    0.770234] io scheduler noop registered
[    0.771125] io scheduler deadline registered (default)
[    0.772104] io scheduler cfq registered
[    0.772930] pci_hotplug: PCI Hot Plug PCI Core version: 0.5
[    0.773953] pciehp: PCI Express Hot Plug Controller Driver version: 0.4
[    0.775428] ACPI: AC Adapter [AC] (off-line)
[    0.776304] input: Power Button as /devices/LNXSYSTM:00/LNXPWRBN:00/input/input0
[    0.777750] ACPI: Power Button [PWRF]
[    0.778543] input: Sleep Button as /devices/LNXSYSTM:00/LNXSLPBN:00/input/input1
[    0.780019] ACPI: Sleep Button [SLPF]
[    0.781746] ACPI: Battery Slot [BAT0] (battery present)
[    0.782787] GHES: HEST is not enabled!
[    0.783631] Serial: 8250/16550 driver, 32 ports, IRQ sharing enabled
[    0.805767] 00:02: ttyS0 at I/O 0x3f8 (irq = 4, base_baud = 115200) is a 16550A
[    0.808812] Linux agpgart interface v0.103
[    0.811399] loop: module loaded
[    0.812472] scsi host0: ata_piix
[    0.813231] scsi host1: ata_piix
[    0.814038] ata1: PATA max UDMA/33 cmd 0x1f0 ctl 0x3f6 bmdma 0xd000 irq 14
[    0.815474] ata2: PATA max UDMA/33 cmd 0x170 ctl 0x376 bmdma 0xd008 irq 15
[    0.816933] libphy: Fixed MDIO Bus: probed
[    0.817773] tun: Universal TUN/TAP device driver, 1.6
[    0.818716] tun: (C) 1999-2004 Max Krasnyansky <maxk@qualcomm.com>
[    0.819908] PPP generic driver version 2.4.2
[    0.821063] ehci_hcd: USB 2.0 'Enhanced' Host Controller (EHCI) Driver
[    0.822283] ehci-pci: EHCI PCI platform driver
[    0.823199] ehci-platform: EHCI generic platform driver
[    0.824896] ohci_hcd: USB 1.1 'Open' Host Controller (OHCI) Driver
[    0.826272] ohci-pci: OHCI PCI platform driver
[    0.827157] ohci-platform: OHCI generic platform driver
[    0.828123] uhci_hcd: USB Universal Host Controller Interface driver
[    0.829292] i8042: PNP: PS/2 Controller [PNP0303:PS2K,PNP0f03:PS2M] at 0x60,0x64 irq 1,12
[    0.831294] serio: i8042 KBD port at 0x60,0x64 irq 1
[    0.832924] serio: i8042 AUX port at 0x60,0x64 irq 12
[    0.833947] mousedev: PS/2 mouse device common for all mice
[    0.835517] input: AT Translated Set 2 keyboard as /devices/platform/i8042/serio0/input/input2
[    0.837459] rtc_cmos rtc_cmos: rtc core: registered rtc_cmos as rtc0
[    0.838774] rtc_cmos rtc_cmos: alarms up to one day, 114 bytes nvram
[    0.840459] i2c /dev entries driver
[    0.841212] device-mapper: uevent: version 1.0.3
[    0.842137] device-mapper: ioctl: 4.34.0-ioctl (2015-10-28) initialised: dm-devel@redhat.com
[    0.843824] ledtrig-cpu: registered to indicate activity on CPUs
[    0.845277] NET: Registered protocol family 10
[    0.846334] NET: Registered protocol family 17
[    0.847429] Key type dns_resolver registered
[    0.848649] registered taskstats version 1
[    0.849474] Loading compiled-in X.509 certificates
[    0.850852] Loaded X.509 cert 'Build time autogenerated kernel key: b6ae09eed57f82583ccd3c65c463e852cdd7a0b5'
[    0.852892] zswap: loaded using pool lzo/zbud
[    0.855035] Key type trusted registered
[    0.858406] Key type encrypted registered
[    0.859269] AppArmor: AppArmor sha1 policy hashing enabled
[    0.860267] ima: No TPM chip found, activating TPM-bypass!
[    0.861289] ima: Allocated hash algorithm: sha1
[    0.862154] evm: HMAC attrs: 0x1
[    0.863224]   Magic number: 12:522:278
[    0.864069] tty tty15: hash matches
[    0.865203] rtc_cmos rtc_cmos: setting system clock to 2020-07-07 12:15:17 UTC (1594124117)
[    0.866936] BIOS EDD facility v0.16 2004-Jun-25, 0 devices found
[    0.868377] EDD information not available.
[    1.063573] Freeing unused kernel memory: 1492K
[    1.065094] Write protecting the kernel read-only data: 14336k
[    1.067177] Freeing unused kernel memory: 1596K
[    1.068505] Freeing unused kernel memory: 60K
Loading, please wait...
starting version 229
[    1.081220] random: systemd-udevd: uninitialized urandom read (16 bytes read, 3 bits of entropy available)
[    1.081739] random: udevadm: uninitialized urandom read (16 bytes read, 3 bits of entropy available)
[    1.081759] random: udevadm: uninitialized urandom read (16 bytes read, 3 bits of entropy available)
[    1.087778] random: systemd-udevd: uninitialized urandom read (16 bytes read, 3 bits of entropy available)
[    1.088504] random: udevadm: uninitialized urandom read (16 bytes read, 3 bits of entropy available)
[    1.088541] random: udevadm: uninitialized urandom read (16 bytes read, 3 bits of entropy available)
[    1.088656] random: udevadm: uninitialized urandom read (16 bytes read, 3 bits of entropy available)
[    1.088698] random: udevadm: uninitialized urandom read (16 bytes read, 3 bits of entropy available)
[    1.088739] random: udevadm: uninitialized urandom read (16 bytes read, 3 bits of entropy available)
[    1.088782] random: udevadm: uninitialized urandom read (16 bytes read, 3 bits of entropy available)
[    1.128392] e1000: Intel(R) PRO/1000 Network Driver - version 7.3.21-k8-NAPI
[    1.130237] e1000: Copyright (c) 1999-2006 Intel Corporation.
[    1.134764] Fusion MPT base driver 3.04.20
[    1.135612] Copyright (c) 1999-2008 LSI Corporation
[    1.148318] AVX2 version of gcm_enc/dec engaged.
[    1.149813] AES CTR mode by8 optimization enabled
[    1.152600] Fusion MPT SPI Host driver 3.04.20
[    1.336542] input: ImExPS/2 Generic Explorer Mouse as /devices/platform/i8042/serio1/input/input4
[    1.529060] e1000 0000:00:03.0 eth0: (PCI:33MHz:32-bit) 02:89:fa:04:16:8f
[    1.531331] e1000 0000:00:03.0 eth0: Intel(R) PRO/1000 Network Connection
[    1.533595] mptbase: ioc0: Initiating bringup
[    1.595879] ioc0: LSI53C1030 A0: Capabilities={Initiator}
[    1.760345] scsi host2: ioc0: LSI53C1030 A0, FwRev=00000000h, Ports=1, MaxQ=256, IRQ=20
[    1.871726] scsi 2:0:0:0: Direct-Access     VBOX     HARDDISK         1.0  PQ: 0 ANSI: 5
[    1.874751] scsi target2:0:0: Beginning Domain Validation
[    1.877195] scsi target2:0:0: Domain Validation skipping write tests
[    1.878810] scsi target2:0:0: Ending Domain Validation
[    1.880242] scsi target2:0:0: asynchronous
[    1.881976] scsi 2:0:1:0: Direct-Access     VBOX     HARDDISK         1.0  PQ: 0 ANSI: 5
[    1.884349] scsi target2:0:1: Beginning Domain Validation
[    1.887308] scsi target2:0:1: Domain Validation skipping write tests
[    1.888875] scsi target2:0:1: Ending Domain Validation
[    1.898420] scsi target2:0:1: asynchronous
[    1.915472] sd 2:0:0:0: Attached scsi generic sg0 type 0
[    1.917178] sd 2:0:0:0: [sda] 20971520 512-byte logical blocks: (10.7 GB/10.0 GiB)
[    1.919370] sd 2:0:1:0: [sdb] 20480 512-byte logical blocks: (10.5 MB/10.0 MiB)
[    1.921310] sd 2:0:1:0: Attached scsi generic sg1 type 0
[    1.922629] sd 2:0:0:0: [sda] Write Protect is off
[    1.923750] sd 2:0:1:0: [sdb] Write Protect is off
[    1.924885] sd 2:0:1:0: [sdb] Incomplete mode parameter data
[    1.926004] sd 2:0:1:0: [sdb] Assuming drive cache: write through
[    1.927205] sd 2:0:0:0: [sda] Incomplete mode parameter data
[    1.928287] sd 2:0:0:0: [sda] Assuming drive cache: write through
[    1.931066]  sda: sda1
[    1.932287] sd 2:0:0:0: [sda] Attached SCSI disk
[    1.933737] sd 2:0:1:0: [sdb] Attached SCSI disk
[    2.240187] e1000 0000:00:08.0 eth1: (PCI:33MHz:32-bit) 08:00:27:67:ac:71
[    2.241986] e1000 0000:00:08.0 eth1: Intel(R) PRO/1000 Network Connection
[    2.244266] e1000 0000:00:03.0 enp0s3: renamed from eth0
[    2.255640] e1000 0000:00:08.0 enp0s8: renamed from eth1
Begin: Loading essential drivers ... [    3.509110] md: linear personality registered for level -1
[    3.511974] md: multipath personality registered for level -4
[    3.514836] md: raid0 personality registered for level 0
[    3.519619] md: raid1 personality registered for level 1
[    3.591271] raid6: sse2x1   gen() 13876 MB/s
[    3.663809] raid6: sse2x1   xor() 10316 MB/s
[    3.733912] raid6: sse2x2   gen() 18006 MB/s
[    3.802890] raid6: sse2x2   xor() 11923 MB/s
[    3.871026] raid6: sse2x4   gen() 19802 MB/s
[    3.938972] raid6: sse2x4   xor() 11931 MB/s
[    4.009730] raid6: avx2x1   gen() 25190 MB/s
[    4.079366] raid6: avx2x2   gen() 32314 MB/s
[    4.147043] raid6: avx2x4   gen() 34143 MB/s
[    4.148259] raid6: using algorithm avx2x4 gen() 34143 MB/s
[    4.149510] raid6: using avx2x2 recovery algorithm
[    4.151656] xor: automatically using best checksumming function:
[    4.190945]    avx       : 31793.000 MB/sec
[    4.192884] async_tx: api initialized (async)
[    4.204762] md: raid6 personality registered for level 6
[    4.206181] md: raid5 personality registered for level 5
[    4.207472] md: raid4 personality registered for level 4
[    4.214129] md: raid10 personality registered for level 10
done.
Begin: Running /scripts/init-premount ... done.
Begin: Mounting root file system ... Begin: Running /scripts/local-top ... done.
Begin: Running /scripts/local-premount ... [    4.243162] Btrfs loaded
Scanning for Btrfs filesystems
done.
Warning: fsck not present, so skipping root file system
[    4.266649] EXT4-fs (sda1): INFO: recovery required on readonly filesystem
[    4.268132] EXT4-fs (sda1): write access will be enabled during recovery
[    4.300908] EXT4-fs (sda1): recovery complete
[    4.301918] EXT4-fs (sda1): mounted filesystem with ordered data mode. Opts: (null)
done.
Begin: Running /scripts/local-bottom ... done.
Begin: Running /scripts/init-bottom ... done.
[    4.385716] systemd[1]: systemd 229 running in system mode. (+PAM +AUDIT +SELINUX +IMA +APPARMOR +SMACK +SYSVINIT +UTMP +LIBCRYPTSETUP +GCRYPT +GNUTLS +ACL +XZ -LZ4 +SECCOMP +BLKID +ELFUTILS +KMOD -IDN)
[    4.389101] systemd[1]: Detected virtualization oracle.
[    4.390097] systemd[1]: Detected architecture x86-64.

Welcome to [1mUbuntu 16.04.6 LTS[0m!

[    4.393673] systemd[1]: Set hostname to <ubuntu-xenial>.
[    4.501455] systemd[1]: Listening on udev Kernel Socket.
[[0;32m  OK  [0m] Listening on udev Kernel Socket.
[    4.503480] systemd[1]: Listening on Journal Socket.
[[0;32m  OK  [0m] Listening on Journal Socket.
[    4.511421] systemd[1]: Reached target System Time Synchronized.
[[0;32m  OK  [0m] Reached target System Time Synchronized.
[    4.519617] systemd[1]: Listening on LVM2 metadata daemon socket.
[[0;32m  OK  [0m] Listening on LVM2 metadata daemon socket.
[    4.522631] systemd[1]: Started Trigger resolvconf update for networkd DNS.
[[0;32m  OK  [0m] Started Trigger resolvconf update for networkd DNS.
[    4.525585] systemd[1]: Listening on /dev/initctl Compatibility Named Pipe.
[[0;32m  OK  [0m] Listening on /dev/initctl Compatibility Named Pipe.
[    4.527921] systemd[1]: Listening on LVM2 poll daemon socket.
[[0;32m  OK  [0m] Listening on LVM2 poll daemon socket.
[    4.529927] systemd[1]: Reached target Encrypted Volumes.
[[0;32m  OK  [0m] Reached target Encrypted Volumes.
[    4.532084] systemd[1]: Created slice System Slice.
[[0;32m  OK  [0m] Created slice System Slice.
[    4.543488] systemd[1]: Mounting Debug File System...
         Mounting Debug File System...
[    4.546466] systemd[1]: Starting Uncomplicated firewall...
         Starting Uncomplicated firewall...
[    4.548900] systemd[1]: Listening on udev Control Socket.
[[0;32m  OK  [0m] Listening on udev Control Socket.
[    4.551487] systemd[1]: Created slice User and Session Slice.
[[0;32m  OK  [0m] Created slice User and Session Slice.
[    4.553513] systemd[1]: Reached target Slices.
[[0;32m  OK  [0m] Reached target Slices.
[    4.555544] systemd[1]: Starting Remount Root and Kernel File Systems...
         Starting Remount Root and Kernel File Systems...
[    4.558150] systemd[1]: Starting Set console keymap...
[    4.558940] EXT4-fs (sda1): re-mounted. Opts: (null)
         Starting Set console keymap...
[    4.561495] systemd[1]: Starting Nameserver information manager...
         Starting Nameserver information manager...
[    4.564080] systemd[1]: Set up automount Arbitrary Executable File Formats File System Automount Point.
[[0;32m  OK  [0m] Set up automount Arbitrary Executab...ats File System Automount Point.
[    4.574934] systemd[1]: Listening on Device-mapper event daemon FIFOs.
[[0;32m  OK  [0m] Listening on Device-mapper event daemon FIFOs.
[    4.577643] systemd[1]: Starting Monitoring of LVM2 mirrors, snapshots etc. using dmeventd or progress polling...
         Starting Monitoring of LVM2 mirrors... dmeventd or progress polling...
[    4.581497] systemd[1]: Listening on Syslog Socket.
[[0;32m  OK  [0m] Listening on Syslog Socket.
[    4.583774] systemd[1]: Created slice system-serial\x2dgetty.slice.
[[0;32m  OK  [0m] Created slice system-serial\x2dgetty.slice.
[    4.588162] systemd[1]: Starting Load Kernel Modules...
         Starting Load Kernel Modules...
[    4.591010] systemd[1]: Listening on Journal Socket (/dev/log).
[[0;32m  OK  [0m] Listening on Journal Socket (/dev/log).
[    4.593853] systemd[1]: Reached target User and Group Name Lookups.
[[0;32m  OK  [0m] Reached target User and Group Name Lookups.
[    4.597618] systemd[1]: Mounting Huge Pages File System...
[    4.600463] Loading iSCSI transport class v2.0-870.
         Mounting Huge Pages File System...
[    4.602263] systemd[1]: Reached target Swap.
[[0;32m  OK  [0m] Reached target Swap.
[    4.604688] systemd[1]: Starting Create list of required static device nodes for the current kernel...
         Starting Create list of required st... nodes for the current kernel...
[    4.609283] systemd[1]: Listening on Journal Audit Socket.
[[0;32m  OK  [0m] Listening on Journal Audit Socket.
[    4.611732] systemd[1]: Starting Journal Service...
         Starting Journal Service...
[    4.614399] systemd[1]: Mounting POSIX Message Queue File System...
[    4.616212] iscsi: registered transport (tcp)
         Mounting POSIX Message Queue File System...
[    4.617840] systemd[1]: Started Forward Password Requests to Wall Directory Watch.
[[0;32m  OK  [0m] Started Forward Password Requests to Wall Directory Watch.
[    4.623009] systemd[1]: Mounted Huge Pages File System.
[[0;32m  OK  [0m] Mounted Huge Pages File System.
[    4.625041] systemd[1]: Mounted POSIX Message Queue File System.
[[0;32m  OK  [0m] Mounted POSIX Message Queue File System.
[    4.628367] systemd[1]: Mounted Debug File System.
[[0;32m  OK  [0m] Mounted Debug File System.
[    4.630537] systemd[1]: Started Uncomplicated firewall.
[[0;32m  OK  [0m] Started Uncomplicated firewall.
[    4.639345] systemd[1]: Started Remount Root and Kernel File Systems.
[[0;32m  OK  [0m] Started Remount Root and Kernel File Systems.
[    4.651755] systemd[1]: Started Set console keymap.
[    4.651772] iscsi: registered transport (iser)
[[0;32m  OK  [0m] Started Set console keymap.
[    4.668082] systemd[1]: Started Load Kernel Modules.
[[0;32m  OK  [0m] Started Load Kernel Modules.
[    4.671142] systemd[1]: Started Create list of required static device nodes for the current kernel.
[[0;32m  OK  [0m] Started Create list of required sta...ce nodes for the current kernel.
[    4.675312] systemd[1]: Started Nameserver information manager.
[[0;32m  OK  [0m] Started Nameserver information manager.
[    4.679846] systemd[1]: Started Journal Service.
[[0;32m  OK  [0m] Started Journal Service.
[[0;32m  OK  [0m] Started LVM2 metadata daemon.
         Starting Create Static Device Nodes in /dev...
         Mounting FUSE Control File System...
         Starting Apply Kernel Variables...
         Starting udev Coldplug all Devices...
         Starting Flush Journal to Persistent Storage...
         Starting Load/Save Random Seed...
[[0;32m  OK  [0m] Mounted FUSE Control File System.
[[0;32m  OK  [0m] Started Apply Kernel Variables.
[[0;32m  OK  [0m] Started Create Static Device Nodes in /dev.
[[0;32m  OK  [0m] Started Load/Save Random Seed.
         Starting udev Kernel Device Manager...
[[0;32m  OK  [0m] Started Flush Journal to Persistent Storage.
[[0;32m  OK  [0m] Started udev Kernel Device Manager.
[[0;32m  OK  [0m] Started udev Coldplug all Devices.
[[0;32m  OK  [0m] Started Dispatch Password Requests to Console Directory Watch.
[[0;32m  OK  [0m] Found device /dev/ttyS0.
[[0;32m  OK  [0m] Listening on Load/Save RF Kill Switch Status /dev/rfkill Watch.
[[0;32m  OK  [0m] Found device 82540EM Gigabit Ethern...r (PRO/1000 MT Desktop Adapter).
[[0;32m  OK  [0m] Found device 82540EM Gigabit Ethern...r (PRO/1000 MT Desktop Adapter).
[[0;32m  OK  [0m] Started Monitoring of LVM2 mirrors,...ng dmeventd or progress polling.
[[0;32m  OK  [0m] Reached target Local File Systems (Pre).
[[0;32m  OK  [0m] Reached target Local File Systems.
         Starting Initial cloud-init job (pre-networking)...
         Starting Set console font and keymap...
         Starting LSB: AppArmor initialization...
         Starting Tell Plymouth To Write Out Runtime Data...
         Starting Create Volatile Files and Directories...
[[0;32m  OK  [0m] Started Tell Plymouth To Write Out Runtime Data.
[[0;32m  OK  [0m] Started Create Volatile Files and Directories.
         Starting Update UTMP about System Boot/Shutdown...
[[0;32m  OK  [0m] Started Update UTMP about System Boot/Shutdown.
[[0;32m  OK  [0m] Started LSB: AppArmor initialization.
[[0;32m  OK  [0m] Started Set console font and keymap.
[[0;32m  OK  [0m] Created slice system-getty.slice.
[    5.665938] cloud-init[638]: Cloud-init v. 19.4-33-gbb4131a2-0ubuntu1~16.04.1 running 'init-local' at Tue, 07 Jul 2020 12:15:22 +0000. Up 5.48 seconds.
[[0;32m  OK  [0m] Started Initial cloud-init job (pre-networking).
[[0;32m  OK  [0m] Reached target Network (Pre).
[[0;32m  OK  [0m] Started ifup for enp0s3.
[[0;32m  OK  [0m] Started ifup for enp0s8.
         Starting Raise network interfaces...
[[0;32m  OK  [0m] Started Raise network interfaces.
         Starting Initial cloud-init job (metadata service crawler)...
[[0;32m  OK  [0m] Reached target Network.
[    6.199106] cloud-init[1074]: Cloud-init v. 19.4-33-gbb4131a2-0ubuntu1~16.04.1 running 'init' at Tue, 07 Jul 2020 12:15:22 +0000. Up 6.02 seconds.
[    6.200757] cloud-init[1074]: ci-info: ++++++++++++++++++++++++++++++++++++++Net device info+++++++++++++++++++++++++++++++++++++++
[    6.202468] cloud-init[1074]: ci-info: +--------+------+-----------------------------+---------------+--------+-------------------+
[    6.204607] cloud-init[1074]: ci-info: | Device |  Up  |           Address           |      Mask     | Scope  |     Hw-Address    |
[    6.206739] cloud-init[1074]: ci-info: +--------+------+-----------------------------+---------------+--------+-------------------+
[    6.208534] cloud-init[1074]: ci-info: | enp0s3 | True |          10.0.2.15          | 255.255.255.0 | global | 02:89:fa:04:16:8f |
[    6.210326] cloud-init[1074]: ci-info: | enp0s3 | True |  fe80::89:faff:fe04:168f/64 |       .       |  link  | 02:89:fa:04:16:8f |
[    6.212448] cloud-init[1074]: ci-info: | enp0s8 | True |        192.168.10.200       | 255.255.255.0 | global | 08:00:27:67:ac:71 |
[    6.214568] cloud-init[1074]: ci-info: | enp0s8 | True | fe80::a00:27ff:fe67:ac71/64 |       .       |  link  | 08:00:27:67:ac:71 |
[    6.216484] cloud-init[1074]: ci-info: |   lo   | True |          127.0.0.1          |   255.0.0.0   |  host  |         .         |
[    6.218589] cloud-init[1074]: ci-info: |   lo   | True |           ::1/128           |       .       |  host  |         .         |
[    6.228384] cloud-init[1074]: ci-info: +--------+------+-----------------------------+---------------+--------+-------------------+
[    6.230377] cloud-init[1074]: ci-info: ++++++++++++++++++++++++++++Route IPv4 info++++++++++++++++++++++++++++
[    6.231652] cloud-init[1074]: ci-info: +-------+--------------+----------+---------------+-----------+-------+
[    6.233536] cloud-init[1074]: ci-info: | Route | Destination  | Gateway  |    Genmask    | Interface | Flags |
[    6.235436] cloud-init[1074]: ci-info: +-------+--------------+----------+---------------+-----------+-------+
[    6.237275] cloud-init[1074]: ci-info: |   0   |   0.0.0.0    | 10.0.2.2 |    0.0.0.0    |   enp0s3  |   UG  |
[    6.239196] cloud-init[1074]: ci-info: |   1   |   10.0.2.0   | 0.0.0.0  | 255.255.255.0 |   enp0s3  |   U   |
[    6.240700] cloud-init[1074]: ci-info: |   2   | 192.168.10.0 | 0.0.0.0  | 255.255.255.0 |   enp0s8  |   U   |
[    6.242629] cloud-init[1074]: ci-info: +-------+--------------+----------+---------------+-----------+-------+
[    6.244590] cloud-init[1074]: ci-info: +++++++++++++++++++Route IPv6 info+++++++++++++++++++
[    6.252745] cloud-init[1074]: ci-info: +-------+-------------+---------+-----------+-------+
[    6.252939] cloud-init[1074]: ci-info: | Route | Destination | Gateway | Interface | Flags |
[    6.253509] cloud-init[1074]: ci-info: +-------+-------------+---------+-----------+-------+
[    6.254111] cloud-init[1074]: ci-info: |   0   |  fe80::/64  |    ::   |   enp0s8  |   U   |
[    6.254722] cloud-init[1074]: ci-info: |   1   |  fe80::/64  |    ::   |   enp0s3  |   U   |
[    6.255331] cloud-init[1074]: ci-info: |   4   |   ff00::/8  |    ::   |   enp0s8  |   U   |
[    6.255944] cloud-init[1074]: ci-info: |   5   |   ff00::/8  |    ::   |   enp0s3  |   U   |
[    6.256587] cloud-init[1074]: ci-info: +-------+-------------+---------+-----------+-------+
[[0;32m  OK  [0m] Started Initial cloud-init job (metadata service crawler).
[[0;32m  OK  [0m] Reached target System Initialization.
[[0;32m  OK  [0m] Started Daily apt download activities.
[[0;32m  OK  [0m] Started Daily apt upgrade and clean activities.
[[0;32m  OK  [0m] Listening on UUID daemon activation socket.
         Starting Socket activation for snappy daemon.
[[0;32m  OK  [0m] Started ACPI Events Check.
[[0;32m  OK  [0m] Reached target Paths.
         Starting LXD - unix socket.
[[0;32m  OK  [0m] Started Message of the Day.
[[0;32m  OK  [0m] Listening on ACPID Listen Socket.
[[0;32m  OK  [0m] Listening on D-Bus System Message Bus Socket.
[[0;32m  OK  [0m] Started Daily Cleanup of Temporary Directories.
[[0;32m  OK  [0m] Reached target Timers.
[[0;32m  OK  [0m] Reached target Cloud-config availability.
[[0;32m  OK  [0m] Reached target Network is Online.
         Starting iSCSI initiator daemon (iscsid)...
[[0;32m  OK  [0m] Listening on Socket activation for snappy daemon.
[[0;32m  OK  [0m] Listening on LXD - unix socket.
[[0;32m  OK  [0m] Reached target Sockets.
[[0;32m  OK  [0m] Reached target Basic System.
[[0;32m  OK  [0m] Started Regular background program processing daemon.
[[0;32m  OK  [0m] Started D-Bus System Message Bus.
[[0;32m  OK  [0m] Started High-performance, schema-free document-oriented database.
         Starting System Logging Service...
         Starting Virtualbox guest utils...
         Starting Login Service...
         Starting Accounts Service...
         Starting Message of the Day...
[[0;32m  OK  [0m] Started ACPI event daemon.
         Starting LSB: Record successful boot for GRUB...
         Starting Snappy daemon...
         Starting OpenBSD Secure Shell server...
[[0;32m  OK  [0m] Started Deferred execution scheduler.
[[0;32m  OK  [0m] Started FUSE filesystem for LXC.
         Starting LSB: MD monitoring daemon...
         Starting LXD - container startup/shutdown...
         Starting /etc/rc.local Compatibility...
[[0;32m  OK  [0m] Started System Logging Service.
[[0;32m  OK  [0m] Started iSCSI initiator daemon (iscsid).
[[0;32m  OK  [0m] Started /etc/rc.local Compatibility.
         Starting Login to default iSCSI targets...
[[0;32m  OK  [0m] Started Login Service.
[[0;32m  OK  [0m] Started Unattended Upgrades Shutdown.
[[0;32m  OK  [0m] Started LSB: Record successful boot for GRUB.
[[0;32m  OK  [0m] Started Login to default iSCSI targets.
[[0;32m  OK  [0m] Reached target Remote File Systems (Pre).
[[0;32m  OK  [0m] Reached target Remote File Systems.
         Starting LSB: automatic crash report generation...
         Starting LSB: Set the CPU Frequency Scaling governor to "ondemand"...
         Starting LSB: daemon to balance interrupts for SMP systems...
         Starting Permit User Sessions...
[[0;32m  OK  [0m] Started LSB: MD monitoring daemon.
[[0;32m  OK  [0m] Started OpenBSD Secure Shell server.
[[0;32m  OK  [0m] Started LXD - container startup/shutdown.
[[0;32m  OK  [0m] Started LSB: automatic crash report generation.
[[0;32m  OK  [0m] Started Permit User Sessions.
[[0;32m  OK  [0m] Started Virtualbox guest utils.
         Starting Authenticate and Authorize Users to Run Privileged Tasks...
         Starting Hold until boot process finishes up...
         Starting Terminate Plymouth Boot Screen...
[[0;32m  OK  [0m] Started Hold until boot process finishes up.
[[0;32m  OK  [0m] Started Terminate Plymouth Boot Screen.
[[0;32m  OK  [0m] Started Authenticate and Authorize Users to Run Privileged Tasks.
[[0;32m  OK  [0m] Started Accounts Service.
[[0;32m  OK  [0m] Started Serial Getty on ttyS0.
         Starting Set console scheme...
[[0;32m  OK  [0m] Started Getty on tty1.
[[0;32m  OK  [0m] Reached target Login Prompts.
[[0;32m  OK  [0m] Started LSB: Set the CPU Frequency Scaling governor to "ondemand".
[[0;32m  OK  [0m] Started LSB: daemon to balance interrupts for SMP systems.
[[0;32m  OK  [0m] Started Set console scheme.
[[0;32m  OK  [0m] Started Snappy daemon.
         Starting Wait until snapd is fully seeded...
[[0;32m  OK  [0m] Started Wait until snapd is fully seeded.
[[0;32m  OK  [0m] Reached target Multi-User System.
[[0;32m  OK  [0m] Reached target Graphical Interface.
         Starting Update UTMP about System Runlevel Changes...
         Starting Apply the settings specified in cloud-config...
[[0;32m  OK  [0m] Started Update UTMP about System Runlevel Changes.
[    7.410328] cloud-init[1356]: Cloud-init v. 19.4-33-gbb4131a2-0ubuntu1~16.04.1 running 'modules:config' at Tue, 07 Jul 2020 12:15:24 +0000. Up 7.34 seconds.
[[0;32m  OK  [0m] Started Apply the settings specified in cloud-config.
         Starting Execute cloud user/final scripts...
[    7.751877] cloud-init[1393]: Cloud-init v. 19.4-33-gbb4131a2-0ubuntu1~16.04.1 running 'modules:final' at Tue, 07 Jul 2020 12:15:24 +0000. Up 7.68 seconds.
[    7.753904] cloud-init[1393]: Cloud-init v. 19.4-33-gbb4131a2-0ubuntu1~16.04.1 finished at Tue, 07 Jul 2020 12:15:24 +0000. Datasource DataSourceNoCloud [seed=/dev/sdb][dsmode=net].  Up 7.74 seconds
[[0;32m  OK  [0m] Started Execute cloud user/final scripts.
[[0;32m  OK  [0m] Reached target Cloud-init target.
[[0;32m  OK  [0m] Started Message of the Day.

Ubuntu 16.04.6 LTS ubuntu-xenial ttyS0

ubuntu-xenial login: 